<?xml version="1.0" encoding="UTF-8"?>
<!-- Generated by org.testng.reporters.JUnitXMLReporter -->
<testsuite hostname="anusha" name="Default test" tests="1" failures="1" timestamp="4 May 2016 17:56:38 GMT" time="85.675" errors="0">
  <testcase name="clickAllTheLinksOnLoginPage" time="85.643" classname="ecommercewebsite.ClickAllTheLinksOnLoginPage">
    <failure type="org.openqa.selenium.WebDriverException" message="Failed to connect to binary FirefoxBinary(C:\Program Files (x86)\Mozilla Firefox\firefox.exe) on port 7055; process output follows: 
&amp;quot;:1461873384100,&amp;quot;updateDate&amp;quot;:1461873384100,&amp;quot;applyBackgroundUpdates&amp;quot;:1,&amp;quot;skinnable&amp;quot;:true,&amp;quot;size&amp;quot;:22006,&amp;quot;sourceURI&amp;quot;:null,&amp;quot;releaseNotesURI&amp;quot;:null,&amp;quot;softDisabled&amp;quot;:false,&amp;quot;foreignInstall&amp;quot;:false,&amp;quot;hasBinaryComponents&amp;quot;:false,&amp;quot;strictCompatibility&amp;quot;:true,&amp;quot;locales&amp;quot;:[],&amp;quot;targetApplications&amp;quot;:[{&amp;quot;id&amp;quot;:&amp;quot;{ec8030f7-c20a-464f-9b0e-13a3a9e97384}&amp;quot;,&amp;quot;minVersion&amp;quot;:&amp;quot;47.0&amp;quot;,&amp;quot;maxVersion&amp;quot;:&amp;quot;47.0&amp;quot;}],&amp;quot;targetPlatforms&amp;quot;:[],&amp;quot;seen&amp;quot;:true}
1462384553859	addons.xpi	DEBUG	getModTime: Recursive scan of {972ce4c6-7e08-4474-a285-3208198ce6fd}
1462384553861	DeferredSave.extensions.json	DEBUG	Save changes
1462384553861	addons.xpi	DEBUG	Updating database with changes to installed add-ons
1462384553861	addons.xpi-utils	DEBUG	Updating add-on states
1462384553862	addons.xpi-utils	DEBUG	Writing add-ons list
1462384553883	addons.xpi	DEBUG	Registering manifest for C:\Program Files (x86)\Mozilla Firefox\browser\features\e10srollout@mozilla.org.xpi
1462384553884	addons.xpi	DEBUG	Calling bootstrap method startup on e10srollout@mozilla.org version 1.0
1462384553884	addons.xpi	DEBUG	Registering manifest for C:\Program Files (x86)\Mozilla Firefox\browser\features\firefox@getpocket.com.xpi
1462384553885	addons.xpi	DEBUG	Calling bootstrap method startup on firefox@getpocket.com version 1.0
1462384553887	addons.xpi	DEBUG	Registering manifest for C:\Program Files (x86)\Mozilla Firefox\browser\features\loop@mozilla.org.xpi
1462384553888	addons.xpi	DEBUG	Calling bootstrap method startup on loop@mozilla.org version 1.2.6
1462384553916	addons.xpi	DEBUG	Registering manifest for C:\Program Files (x86)\Mozilla Firefox\browser\extensions\{82AF8DCA-6DE9-405D-BD5E-43525BDAD38A}.xpi
1462384553916	addons.xpi	DEBUG	Calling bootstrap method startup on {82AF8DCA-6DE9-405D-BD5E-43525BDAD38A} version 8.0.0.9103
JavaScript warning: resource://gre/modules/commonjs/toolkit/loader.js -&amp;gt; resource://gre/modules/commonjs/sdk/system/environment.js, line 15: Proxy.create and Proxy.createFunction are deprecated, use new Proxy instead
1462384553997	addons.manager	DEBUG	Registering shutdown blocker for XPIProvider
1462384553997	addons.manager	DEBUG	Provider finished startup: XPIProvider
1462384553997	addons.manager	DEBUG	Starting provider: LightweightThemeManager
1462384553997	addons.manager	DEBUG	Registering shutdown blocker for LightweightThemeManager
1462384553997	addons.manager	DEBUG	Provider finished startup: LightweightThemeManager
1462384553998	addons.manager	DEBUG	Starting provider: GMPProvider
1462384554004	addons.manager	DEBUG	Registering shutdown blocker for GMPProvider
1462384554005	addons.manager	DEBUG	Provider finished startup: GMPProvider
1462384554005	addons.manager	DEBUG	Starting provider: PluginProvider
1462384554005	addons.manager	DEBUG	Registering shutdown blocker for PluginProvider
1462384554005	addons.manager	DEBUG	Provider finished startup: PluginProvider
1462384554006	addons.manager	DEBUG	Completed startup sequence
1462384556721	addons.manager	DEBUG	Starting provider: &amp;lt;unnamed-provider&amp;gt;
1462384556721	addons.manager	DEBUG	Registering shutdown blocker for &amp;lt;unnamed-provider&amp;gt;
1462384556722	addons.manager	DEBUG	Provider finished startup: &amp;lt;unnamed-provider&amp;gt;
1462384556982	DeferredSave.extensions.json	DEBUG	Write succeeded
1462384556983	addons.xpi-utils	DEBUG	XPI Database saved, setting schema version preference to 17
1462384556983	DeferredSave.extensions.json	DEBUG	Starting timer
1462384557006	DeferredSave.extensions.json	DEBUG	Starting write
1462384557016	addons.repository	DEBUG	No addons.json found.
1462384557017	DeferredSave.addons.json	DEBUG	Save changes
1462384557020	DeferredSave.addons.json	DEBUG	Starting timer
1462384557054	addons.manager	DEBUG	Starting provider: PreviousExperimentProvider
1462384557054	addons.manager	DEBUG	Registering shutdown blocker for PreviousExperimentProvider
1462384557054	addons.manager	DEBUG	Provider finished startup: PreviousExperimentProvider
1462384557064	DeferredSave.extensions.json	DEBUG	Write succeeded
1462384557081	DeferredSave.addons.json	DEBUG	Starting write
1462384557093	DeferredSave.addons.json	DEBUG	Write succeeded

Build info: version: &amp;apos;2.53.0&amp;apos;, revision: &amp;apos;35ae25b&amp;apos;, time: &amp;apos;2016-03-15 17:00:58&amp;apos;
System info: host: &amp;apos;anusha&amp;apos;, ip: &amp;apos;192.168.56.1&amp;apos;, os.name: &amp;apos;Windows 8.1&amp;apos;, os.arch: &amp;apos;amd64&amp;apos;, os.version: &amp;apos;6.3&amp;apos;, java.version: &amp;apos;1.8.0_60&amp;apos;
Driver info: driver.version: FirefoxDriver">
      <![CDATA[org.openqa.selenium.WebDriverException: Failed to connect to binary FirefoxBinary(C:\Program Files (x86)\Mozilla Firefox\firefox.exe) on port 7055; process output follows: 
":1461873384100,"updateDate":1461873384100,"applyBackgroundUpdates":1,"skinnable":true,"size":22006,"sourceURI":null,"releaseNotesURI":null,"softDisabled":false,"foreignInstall":false,"hasBinaryComponents":false,"strictCompatibility":true,"locales":[],"targetApplications":[{"id":"{ec8030f7-c20a-464f-9b0e-13a3a9e97384}","minVersion":"47.0","maxVersion":"47.0"}],"targetPlatforms":[],"seen":true}
1462384553859	addons.xpi	DEBUG	getModTime: Recursive scan of {972ce4c6-7e08-4474-a285-3208198ce6fd}
1462384553861	DeferredSave.extensions.json	DEBUG	Save changes
1462384553861	addons.xpi	DEBUG	Updating database with changes to installed add-ons
1462384553861	addons.xpi-utils	DEBUG	Updating add-on states
1462384553862	addons.xpi-utils	DEBUG	Writing add-ons list
1462384553883	addons.xpi	DEBUG	Registering manifest for C:\Program Files (x86)\Mozilla Firefox\browser\features\e10srollout@mozilla.org.xpi
1462384553884	addons.xpi	DEBUG	Calling bootstrap method startup on e10srollout@mozilla.org version 1.0
1462384553884	addons.xpi	DEBUG	Registering manifest for C:\Program Files (x86)\Mozilla Firefox\browser\features\firefox@getpocket.com.xpi
1462384553885	addons.xpi	DEBUG	Calling bootstrap method startup on firefox@getpocket.com version 1.0
1462384553887	addons.xpi	DEBUG	Registering manifest for C:\Program Files (x86)\Mozilla Firefox\browser\features\loop@mozilla.org.xpi
1462384553888	addons.xpi	DEBUG	Calling bootstrap method startup on loop@mozilla.org version 1.2.6
1462384553916	addons.xpi	DEBUG	Registering manifest for C:\Program Files (x86)\Mozilla Firefox\browser\extensions\{82AF8DCA-6DE9-405D-BD5E-43525BDAD38A}.xpi
1462384553916	addons.xpi	DEBUG	Calling bootstrap method startup on {82AF8DCA-6DE9-405D-BD5E-43525BDAD38A} version 8.0.0.9103
JavaScript warning: resource://gre/modules/commonjs/toolkit/loader.js -> resource://gre/modules/commonjs/sdk/system/environment.js, line 15: Proxy.create and Proxy.createFunction are deprecated, use new Proxy instead
1462384553997	addons.manager	DEBUG	Registering shutdown blocker for XPIProvider
1462384553997	addons.manager	DEBUG	Provider finished startup: XPIProvider
1462384553997	addons.manager	DEBUG	Starting provider: LightweightThemeManager
1462384553997	addons.manager	DEBUG	Registering shutdown blocker for LightweightThemeManager
1462384553997	addons.manager	DEBUG	Provider finished startup: LightweightThemeManager
1462384553998	addons.manager	DEBUG	Starting provider: GMPProvider
1462384554004	addons.manager	DEBUG	Registering shutdown blocker for GMPProvider
1462384554005	addons.manager	DEBUG	Provider finished startup: GMPProvider
1462384554005	addons.manager	DEBUG	Starting provider: PluginProvider
1462384554005	addons.manager	DEBUG	Registering shutdown blocker for PluginProvider
1462384554005	addons.manager	DEBUG	Provider finished startup: PluginProvider
1462384554006	addons.manager	DEBUG	Completed startup sequence
1462384556721	addons.manager	DEBUG	Starting provider: <unnamed-provider>
1462384556721	addons.manager	DEBUG	Registering shutdown blocker for <unnamed-provider>
1462384556722	addons.manager	DEBUG	Provider finished startup: <unnamed-provider>
1462384556982	DeferredSave.extensions.json	DEBUG	Write succeeded
1462384556983	addons.xpi-utils	DEBUG	XPI Database saved, setting schema version preference to 17
1462384556983	DeferredSave.extensions.json	DEBUG	Starting timer
1462384557006	DeferredSave.extensions.json	DEBUG	Starting write
1462384557016	addons.repository	DEBUG	No addons.json found.
1462384557017	DeferredSave.addons.json	DEBUG	Save changes
1462384557020	DeferredSave.addons.json	DEBUG	Starting timer
1462384557054	addons.manager	DEBUG	Starting provider: PreviousExperimentProvider
1462384557054	addons.manager	DEBUG	Registering shutdown blocker for PreviousExperimentProvider
1462384557054	addons.manager	DEBUG	Provider finished startup: PreviousExperimentProvider
1462384557064	DeferredSave.extensions.json	DEBUG	Write succeeded
1462384557081	DeferredSave.addons.json	DEBUG	Starting write
1462384557093	DeferredSave.addons.json	DEBUG	Write succeeded

Build info: version: '2.53.0', revision: '35ae25b', time: '2016-03-15 17:00:58'
System info: host: 'anusha', ip: '192.168.56.1', os.name: 'Windows 8.1', os.arch: 'amd64', os.version: '6.3', java.version: '1.8.0_60'
Driver info: driver.version: FirefoxDriver
	at org.openqa.selenium.firefox.internal.NewProfileExtensionConnection.start(NewProfileExtensionConnection.java:124)
	at org.openqa.selenium.firefox.FirefoxDriver.startClient(FirefoxDriver.java:271)
	at org.openqa.selenium.remote.RemoteWebDriver.<init>(RemoteWebDriver.java:119)
	at org.openqa.selenium.firefox.FirefoxDriver.<init>(FirefoxDriver.java:218)
	at org.openqa.selenium.firefox.FirefoxDriver.<init>(FirefoxDriver.java:211)
	at org.openqa.selenium.firefox.FirefoxDriver.<init>(FirefoxDriver.java:207)
	at org.openqa.selenium.firefox.FirefoxDriver.<init>(FirefoxDriver.java:120)
	at ecommercewebsite.ClickAllTheLinksOnLoginPage.clickAllTheLinksOnLoginPage(ClickAllTheLinksOnLoginPage.java:20)
	at sun.reflect.NativeMethodAccessorImpl.invoke0(Native Method)
	at sun.reflect.NativeMethodAccessorImpl.invoke(Unknown Source)
	at sun.reflect.DelegatingMethodAccessorImpl.invoke(Unknown Source)
	at java.lang.reflect.Method.invoke(Unknown Source)
	at org.testng.internal.MethodInvocationHelper.invokeMethod(MethodInvocationHelper.java:85)
	at org.testng.internal.Invoker.invokeMethod(Invoker.java:639)
	at org.testng.internal.Invoker.invokeTestMethod(Invoker.java:816)
	at org.testng.internal.Invoker.invokeTestMethods(Invoker.java:1124)
	at org.testng.internal.TestMethodWorker.invokeTestMethods(TestMethodWorker.java:125)
	at org.testng.internal.TestMethodWorker.run(TestMethodWorker.java:108)
	at org.testng.TestRunner.privateRun(TestRunner.java:774)
	at org.testng.TestRunner.run(TestRunner.java:624)
	at org.testng.SuiteRunner.runTest(SuiteRunner.java:359)
	at org.testng.SuiteRunner.runSequentially(SuiteRunner.java:354)
	at org.testng.SuiteRunner.privateRun(SuiteRunner.java:312)
	at org.testng.SuiteRunner.run(SuiteRunner.java:261)
	at org.testng.SuiteRunnerWorker.runSuite(SuiteRunnerWorker.java:52)
	at org.testng.SuiteRunnerWorker.run(SuiteRunnerWorker.java:86)
	at org.testng.TestNG.runSuitesSequentially(TestNG.java:1215)
	at org.testng.TestNG.runSuitesLocally(TestNG.java:1140)
	at org.testng.TestNG.run(TestNG.java:1048)
	at org.testng.remote.RemoteTestNG.run(RemoteTestNG.java:112)
	at org.testng.remote.RemoteTestNG.initAndRun(RemoteTestNG.java:205)
	at org.testng.remote.RemoteTestNG.main(RemoteTestNG.java:176)
Caused by: org.openqa.selenium.firefox.NotConnectedException: Unable to connect to host 127.0.0.1 on port 7055 after 45000 ms. Firefox console output:
":1461873384100,"updateDate":1461873384100,"applyBackgroundUpdates":1,"skinnable":true,"size":22006,"sourceURI":null,"releaseNotesURI":null,"softDisabled":false,"foreignInstall":false,"hasBinaryComponents":false,"strictCompatibility":true,"locales":[],"targetApplications":[{"id":"{ec8030f7-c20a-464f-9b0e-13a3a9e97384}","minVersion":"47.0","maxVersion":"47.0"}],"targetPlatforms":[],"seen":true}
1462384553859	addons.xpi	DEBUG	getModTime: Recursive scan of {972ce4c6-7e08-4474-a285-3208198ce6fd}
1462384553861	DeferredSave.extensions.json	DEBUG	Save changes
1462384553861	addons.xpi	DEBUG	Updating database with changes to installed add-ons
1462384553861	addons.xpi-utils	DEBUG	Updating add-on states
1462384553862	addons.xpi-utils	DEBUG	Writing add-ons list
1462384553883	addons.xpi	DEBUG	Registering manifest for C:\Program Files (x86)\Mozilla Firefox\browser\features\e10srollout@mozilla.org.xpi
1462384553884	addons.xpi	DEBUG	Calling bootstrap method startup on e10srollout@mozilla.org version 1.0
1462384553884	addons.xpi	DEBUG	Registering manifest for C:\Program Files (x86)\Mozilla Firefox\browser\features\firefox@getpocket.com.xpi
1462384553885	addons.xpi	DEBUG	Calling bootstrap method startup on firefox@getpocket.com version 1.0
1462384553887	addons.xpi	DEBUG	Registering manifest for C:\Program Files (x86)\Mozilla Firefox\browser\features\loop@mozilla.org.xpi
1462384553888	addons.xpi	DEBUG	Calling bootstrap method startup on loop@mozilla.org version 1.2.6
1462384553916	addons.xpi	DEBUG	Registering manifest for C:\Program Files (x86)\Mozilla Firefox\browser\extensions\{82AF8DCA-6DE9-405D-BD5E-43525BDAD38A}.xpi
1462384553916	addons.xpi	DEBUG	Calling bootstrap method startup on {82AF8DCA-6DE9-405D-BD5E-43525BDAD38A} version 8.0.0.9103
JavaScript warning: resource://gre/modules/commonjs/toolkit/loader.js -> resource://gre/modules/commonjs/sdk/system/environment.js, line 15: Proxy.create and Proxy.createFunction are deprecated, use new Proxy instead
1462384553997	addons.manager	DEBUG	Registering shutdown blocker for XPIProvider
1462384553997	addons.manager	DEBUG	Provider finished startup: XPIProvider
1462384553997	addons.manager	DEBUG	Starting provider: LightweightThemeManager
1462384553997	addons.manager	DEBUG	Registering shutdown blocker for LightweightThemeManager
1462384553997	addons.manager	DEBUG	Provider finished startup: LightweightThemeManager
1462384553998	addons.manager	DEBUG	Starting provider: GMPProvider
1462384554004	addons.manager	DEBUG	Registering shutdown blocker for GMPProvider
1462384554005	addons.manager	DEBUG	Provider finished startup: GMPProvider
1462384554005	addons.manager	DEBUG	Starting provider: PluginProvider
1462384554005	addons.manager	DEBUG	Registering shutdown blocker for PluginProvider
1462384554005	addons.manager	DEBUG	Provider finished startup: PluginProvider
1462384554006	addons.manager	DEBUG	Completed startup sequence
1462384556721	addons.manager	DEBUG	Starting provider: <unnamed-provider>
1462384556721	addons.manager	DEBUG	Registering shutdown blocker for <unnamed-provider>
1462384556722	addons.manager	DEBUG	Provider finished startup: <unnamed-provider>
1462384556982	DeferredSave.extensions.json	DEBUG	Write succeeded
1462384556983	addons.xpi-utils	DEBUG	XPI Database saved, setting schema version preference to 17
1462384556983	DeferredSave.extensions.json	DEBUG	Starting timer
1462384557006	DeferredSave.extensions.json	DEBUG	Starting write
1462384557016	addons.repository	DEBUG	No addons.json found.
1462384557017	DeferredSave.addons.json	DEBUG	Save changes
1462384557020	DeferredSave.addons.json	DEBUG	Starting timer
1462384557054	addons.manager	DEBUG	Starting provider: PreviousExperimentProvider
1462384557054	addons.manager	DEBUG	Registering shutdown blocker for PreviousExperimentProvider
1462384557054	addons.manager	DEBUG	Provider finished startup: PreviousExperimentProvider
1462384557064	DeferredSave.extensions.json	DEBUG	Write succeeded
1462384557081	DeferredSave.addons.json	DEBUG	Starting write
1462384557093	DeferredSave.addons.json	DEBUG	Write succeeded

	at org.openqa.selenium.firefox.internal.NewProfileExtensionConnection.start(NewProfileExtensionConnection.java:112)
	... 31 more
]]>
    </failure>
  </testcase> <!-- clickAllTheLinksOnLoginPage -->
</testsuite> <!-- Default test -->
