<?xml version="1.0" encoding="UTF-8"?>
<!-- Generated by org.testng.reporters.JUnitXMLReporter -->
<testsuite hostname="anusha" name="Test" tests="3" failures="0" timestamp="24 Apr 2016 02:31:44 GMT" time="193.073" errors="0">
  <testcase name="clickAllTheLinksOnLoginPage" time="192.996" classname="ecommercewebsite.ClickAllTheLinksOnLoginPage"/>
  <testcase name="testcase3" time="0.001" classname="ecommercewebsite.NewTest"/>
  <testcase name="testcase2" time="0.001" classname="ecommercewebsite.NewTest"/>
</testsuite> <!-- Test -->
